<?xml version="1.0" encoding="UTF-8"?>
<testsuites name="jest tests" tests="21" failures="0" errors="0" time="3.277">
  <testsuite name="Testing custom validators..." errors="0" failures="0" skipped="0" timestamp="2024-03-25T15:36:29" time="1.875" tests="10">
    <testcase classname="Testing custom validators... should return nothing if input control for code is unchanged" name="Testing custom validators... should return nothing if input control for code is unchanged" time="0.005">
    </testcase>
    <testcase classname="Testing custom validators... should return null when code is not unique and parent is null" name="Testing custom validators... should return null when code is not unique and parent is null" time="0.001">
    </testcase>
    <testcase classname="Testing custom validators... should return null when code isn&apos;t unique and parent is missing property" name="Testing custom validators... should return null when code isn&apos;t unique and parent is missing property" time="0.001">
    </testcase>
    <testcase classname="Testing custom validators... should return null when code uniqueness response is null" name="Testing custom validators... should return null when code uniqueness response is null" time="0">
    </testcase>
    <testcase classname="Testing custom validators... should return valid result when code is unique" name="Testing custom validators... should return valid result when code is unique" time="0.001">
    </testcase>
    <testcase classname="Testing custom validators... should return nothing if input control for name is unchanged" name="Testing custom validators... should return nothing if input control for name is unchanged" time="0">
    </testcase>
    <testcase classname="Testing custom validators... should return null when name is not unique and parent is null" name="Testing custom validators... should return null when name is not unique and parent is null" time="0">
    </testcase>
    <testcase classname="Testing custom validators... should return null when name isn&apos;t unique and parent is missing property" name="Testing custom validators... should return null when name isn&apos;t unique and parent is missing property" time="0">
    </testcase>
    <testcase classname="Testing custom validators... should return null when name uniqueness response is null" name="Testing custom validators... should return null when name uniqueness response is null" time="0.001">
    </testcase>
    <testcase classname="Testing custom validators... should return valid result when name is unique" name="Testing custom validators... should return valid result when name is unique" time="0">
    </testcase>
  </testsuite>
  <testsuite name="Testing permissions service..." errors="0" failures="0" skipped="0" timestamp="2024-03-25T15:36:29" time="2.043" tests="3">
    <testcase classname="Testing permissions service... should forbid actions if there is no user" name="Testing permissions service... should forbid actions if there is no user" time="0.017">
    </testcase>
    <testcase classname="Testing permissions service... should forbid actions if there is no adequate permission" name="Testing permissions service... should forbid actions if there is no adequate permission" time="0.003">
    </testcase>
    <testcase classname="Testing permissions service... should allow actions if there are minimal permissions" name="Testing permissions service... should allow actions if there are minimal permissions" time="0.002">
    </testcase>
  </testsuite>
  <testsuite name="Testing authentication guard..." errors="0" failures="0" skipped="0" timestamp="2024-03-25T15:36:29" time="2.191" tests="3">
    <testcase classname="Testing authentication guard... it should redirect to login page if user is not authenticated" name="Testing authentication guard... it should redirect to login page if user is not authenticated" time="0.017">
    </testcase>
    <testcase classname="Testing authentication guard... it should logout user if we cannot retrieve its profile" name="Testing authentication guard... it should logout user if we cannot retrieve its profile" time="0.003">
    </testcase>
    <testcase classname="Testing authentication guard... it should allow user to enter if profile reachable" name="Testing authentication guard... it should allow user to enter if profile reachable" time="0.002">
    </testcase>
  </testsuite>
  <testsuite name="Testing auth interceptor..." errors="0" failures="0" skipped="0" timestamp="2024-03-25T15:36:29" time="2.254" tests="5">
    <testcase classname="Testing auth interceptor... should do nothing if it&apos;s non-API request" name="Testing auth interceptor... should do nothing if it&apos;s non-API request" time="0.049">
    </testcase>
    <testcase classname="Testing auth interceptor... should add bearer token in headers to API requests" name="Testing auth interceptor... should add bearer token in headers to API requests" time="0.007">
    </testcase>
    <testcase classname="Testing auth interceptor... should throw in case of an unknown exception" name="Testing auth interceptor... should throw in case of an unknown exception" time="0.008">
    </testcase>
    <testcase classname="Testing auth interceptor... should throw in case when any other status but 401" name="Testing auth interceptor... should throw in case when any other status but 401" time="0.005">
    </testcase>
    <testcase classname="Testing auth interceptor... should redirect to login screen when response status 401" name="Testing auth interceptor... should redirect to login screen when response status 401" time="0.006">
    </testcase>
  </testsuite>
</testsuites>